<?xml version="1.0" encoding="UTF-8"?>
<!-- Generated by org.testng.reporters.JUnitXMLReporter -->
<testsuite hostname="Mirs-MBP-2.lan" ignored="0" name="ChromeTest" tests="3" failures="0" timestamp="13 Nov 2022 05:13:19 GMT" time="45.583" errors="0">
  <testcase name="runScenario" time="16.458" classname="io.cucumber.testng.AbstractTestNGCucumberTests"/>
  <testcase name="runScenario" time="14.312" classname="io.cucumber.testng.AbstractTestNGCucumberTests"/>
  <testcase name="runScenario" time="13.786" classname="io.cucumber.testng.AbstractTestNGCucumberTests"/>
</testsuite> <!-- ChromeTest -->
