<?xml version="1.0" encoding="UTF-8"?>
<!-- Generated by org.testng.reporters.JUnitXMLReporter -->
<testsuite hostname="Mirs-MBP-2.lan" ignored="0" name="EdgeTest" tests="3" failures="0" timestamp="13 Nov 2022 05:13:51 GMT" time="77.751" errors="0">
  <testcase name="runScenario" time="48.093" classname="io.cucumber.testng.AbstractTestNGCucumberTests"/>
  <testcase name="runScenario" time="14.424" classname="io.cucumber.testng.AbstractTestNGCucumberTests"/>
  <testcase name="runScenario" time="14.226" classname="io.cucumber.testng.AbstractTestNGCucumberTests"/>
</testsuite> <!-- EdgeTest -->
