<?xml version="1.0" encoding="UTF-8"?>
<!-- Generated by org.testng.reporters.JUnitXMLReporter -->
<testsuite hostname="Mirs-MBP-2.lan" ignored="0" name="FirefoxTest" tests="3" failures="0" timestamp="13 Nov 2022 05:13:03 GMT" time="29.49" errors="0">
  <testcase name="runScenario" time="19.885" classname="io.cucumber.testng.AbstractTestNGCucumberTests"/>
  <testcase name="runScenario" time="4.142" classname="io.cucumber.testng.AbstractTestNGCucumberTests"/>
  <testcase name="runScenario" time="3.805" classname="io.cucumber.testng.AbstractTestNGCucumberTests"/>
</testsuite> <!-- FirefoxTest -->
