<?xml version="1.0" encoding="UTF-8"?>
<testng-results skipped="0" failed="0" ignored="0" total="2" passed="2">
  <reporter-output>
  </reporter-output>
  <suite name="Default suite" duration-ms="20482" started-at="2022-10-01T19:42:21Z" finished-at="2022-10-01T19:42:41Z">
    <groups>
      <group name="cucumber">
        <method signature="AbstractTestNGCucumberTests.runScenario(io.cucumber.testng.PickleWrapper, io.cucumber.testng.FeatureWrapper)[pri:0, instance:com.runner.MyRunner@fa36558]" name="runScenario" class="io.cucumber.testng.AbstractTestNGCucumberTests"/>
      </group> <!-- cucumber -->
    </groups>
    <test name="Default test" duration-ms="20482" started-at="2022-10-01T19:42:21Z" finished-at="2022-10-01T19:42:41Z">
      <class name="com.runner.MyRunner">
        <test-method status="PASS" signature="setUpClass(org.testng.ITestContext)[pri:0, instance:com.runner.MyRunner@fa36558]" name="setUpClass" is-config="true" duration-ms="325" started-at="2022-10-01T19:42:21Z" finished-at="2022-10-01T19:42:21Z">
          <params>
            <param index="0">
              <value>
                <![CDATA[org.testng.TestRunner@71c905a3]]>
              </value>
            </param>
          </params>
          <reporter-output>
          </reporter-output>
        </test-method> <!-- setUpClass -->
        <test-method status="PASS" signature="beforeClass(java.lang.String)[pri:0, instance:com.runner.MyRunner@fa36558]" name="beforeClass" is-config="true" duration-ms="4" started-at="2022-10-01T19:42:21Z" finished-at="2022-10-01T19:42:21Z">
          <params>
            <param index="0">
              <value>
                <![CDATA[edge]]>
              </value>
            </param>
          </params>
          <reporter-output>
          </reporter-output>
        </test-method> <!-- beforeClass -->
        <test-method status="PASS" signature="runScenario(io.cucumber.testng.PickleWrapper, io.cucumber.testng.FeatureWrapper)[pri:0, instance:com.runner.MyRunner@fa36558]" name="runScenario" duration-ms="10528" started-at="2022-10-01T19:42:21Z" description="Runs Cucumber Scenarios" data-provider="scenarios" finished-at="2022-10-01T19:42:32Z">
          <params>
            <param index="0">
              <value>
                <![CDATA["first scenario"]]>
              </value>
            </param>
            <param index="1">
              <value>
                <![CDATA["This is a login test"]]>
              </value>
            </param>
          </params>
          <reporter-output>
          </reporter-output>
        </test-method> <!-- runScenario -->
        <test-method status="PASS" signature="runScenario(io.cucumber.testng.PickleWrapper, io.cucumber.testng.FeatureWrapper)[pri:0, instance:com.runner.MyRunner@fa36558]" name="runScenario" duration-ms="9570" started-at="2022-10-01T19:42:32Z" description="Runs Cucumber Scenarios" data-provider="scenarios" finished-at="2022-10-01T19:42:41Z">
          <params>
            <param index="0">
              <value>
                <![CDATA["test scenario"]]>
              </value>
            </param>
            <param index="1">
              <value>
                <![CDATA["Functional testing"]]>
              </value>
            </param>
          </params>
          <reporter-output>
          </reporter-output>
        </test-method> <!-- runScenario -->
        <test-method status="PASS" signature="afterClass()[pri:0, instance:com.runner.MyRunner@fa36558]" name="afterClass" is-config="true" duration-ms="1" started-at="2022-10-01T19:42:41Z" finished-at="2022-10-01T19:42:41Z">
          <reporter-output>
          </reporter-output>
        </test-method> <!-- afterClass -->
        <test-method status="PASS" signature="tearDownClass()[pri:0, instance:com.runner.MyRunner@fa36558]" name="tearDownClass" is-config="true" duration-ms="25" started-at="2022-10-01T19:42:41Z" finished-at="2022-10-01T19:42:41Z">
          <reporter-output>
          </reporter-output>
        </test-method> <!-- tearDownClass -->
      </class> <!-- com.runner.MyRunner -->
    </test> <!-- Default test -->
  </suite> <!-- Default suite -->
</testng-results>
